[debug] [2021-05-30T17:28:18.139Z] ----------------------------------------------------------------------
[debug] [2021-05-30T17:28:18.141Z] Command:       /Users/preveenraj/.nvm/versions/node/v15.0.1/bin/node /Users/preveenraj/.nvm/versions/node/v15.0.1/bin/firebase deploy
[debug] [2021-05-30T17:28:18.141Z] CLI Version:   9.10.0
[debug] [2021-05-30T17:28:18.141Z] Platform:      darwin
[debug] [2021-05-30T17:28:18.141Z] Node Version:  v15.0.1
[debug] [2021-05-30T17:28:18.145Z] Time:          Sun May 30 2021 22:58:18 GMT+0530 (India Standard Time)
[debug] [2021-05-30T17:28:18.145Z] ----------------------------------------------------------------------
[debug] 
[debug] [2021-05-30T17:28:18.147Z] >>> [apiv2][query] GET https://firebase-public.firebaseio.com/cli.json [none]
[debug] [2021-05-30T17:28:18.167Z] > command requires scopes: ["email","openid","https://www.googleapis.com/auth/cloudplatformprojects.readonly","https://www.googleapis.com/auth/firebase","https://www.googleapis.com/auth/cloud-platform"]
[debug] [2021-05-30T17:28:18.167Z] > authorizing via signed-in user (97preveenraj@gmail.com)
[debug] [2021-05-30T17:28:18.167Z] [iam] checking project chilltechhome for permissions ["firebase.projects.get","firebasehosting.sites.update"]
[debug] [2021-05-30T17:28:18.169Z] > refreshing access token with scopes: ["email","https://www.googleapis.com/auth/cloud-platform","https://www.googleapis.com/auth/cloudplatformprojects.readonly","https://www.googleapis.com/auth/firebase","openid"]
[debug] [2021-05-30T17:28:18.169Z] >>> HTTP REQUEST POST https://www.googleapis.com/oauth2/v3/token  
 <request body omitted>
[debug] [2021-05-30T17:28:18.327Z] <<< HTTP RESPONSE 200 {"cache-control":"no-cache, no-store, max-age=0, must-revalidate","pragma":"no-cache","expires":"Mon, 01 Jan 1990 00:00:00 GMT","date":"Sun, 30 May 2021 17:28:18 GMT","content-type":"application/json; charset=utf-8","vary":"X-Origin, Referer, Origin,Accept-Encoding","server":"scaffolding on HTTPServer2","x-xss-protection":"0","x-frame-options":"SAMEORIGIN","x-content-type-options":"nosniff","alt-svc":"h3-29=\":443\"; ma=2592000,h3-T051=\":443\"; ma=2592000,h3-Q050=\":443\"; ma=2592000,h3-Q046=\":443\"; ma=2592000,h3-Q043=\":443\"; ma=2592000,quic=\":443\"; ma=2592000; v=\"46,43\"","accept-ranges":"none","transfer-encoding":"chunked"}
[debug] [2021-05-30T17:28:18.379Z] >>> HTTP REQUEST POST https://cloudresourcemanager.googleapis.com/v1/projects/chilltechhome:testIamPermissions  
 {"permissions":["firebase.projects.get","firebasehosting.sites.update"]}
[debug] [2021-05-30T17:28:19.175Z] <<< [apiv2][status] GET https://firebase-public.firebaseio.com/cli.json 200
[debug] [2021-05-30T17:28:19.175Z] <<< [apiv2][body] GET https://firebase-public.firebaseio.com/cli.json {"cloudBuildErrorAfter":1594252800000,"cloudBuildWarnAfter":1590019200000,"defaultNode10After":1594252800000,"minVersion":"3.0.5","node8DeploysDisabledAfter":1613390400000,"node8RuntimeDisabledAfter":1615809600000,"node8WarnAfter":1600128000000}
[debug] [2021-05-30T17:28:19.757Z] <<< HTTP RESPONSE 200 {"content-type":"application/json; charset=UTF-8","vary":"X-Origin, Referer, Origin,Accept-Encoding","date":"Sun, 30 May 2021 17:28:19 GMT","server":"ESF","cache-control":"private","x-xss-protection":"0","x-frame-options":"SAMEORIGIN","x-content-type-options":"nosniff","server-timing":"gfet4t7; dur=1239","alt-svc":"h3-29=\":443\"; ma=2592000,h3-T051=\":443\"; ma=2592000,h3-Q050=\":443\"; ma=2592000,h3-Q046=\":443\"; ma=2592000,h3-Q043=\":443\"; ma=2592000,quic=\":443\"; ma=2592000; v=\"46,43\"","accept-ranges":"none","transfer-encoding":"chunked"}
[debug] [2021-05-30T17:28:19.757Z] [iam] error while checking permissions, command may fail: FirebaseError: Authorization failed. This account is missing the following required permissions on project chilltechhome:

  firebase.projects.get
  firebasehosting.sites.update
[debug] [2021-05-30T17:28:19.758Z] > refreshing access token with scopes: []
[debug] [2021-05-30T17:28:19.758Z] >>> HTTP REQUEST POST https://www.googleapis.com/oauth2/v3/token  
 <request body omitted>
[debug] [2021-05-30T17:28:19.889Z] <<< HTTP RESPONSE 200 {"expires":"Mon, 01 Jan 1990 00:00:00 GMT","cache-control":"no-cache, no-store, max-age=0, must-revalidate","pragma":"no-cache","date":"Sun, 30 May 2021 17:28:20 GMT","content-type":"application/json; charset=utf-8","vary":"X-Origin, Referer, Origin,Accept-Encoding","server":"scaffolding on HTTPServer2","x-xss-protection":"0","x-frame-options":"SAMEORIGIN","x-content-type-options":"nosniff","alt-svc":"h3-29=\":443\"; ma=2592000,h3-T051=\":443\"; ma=2592000,h3-Q050=\":443\"; ma=2592000,h3-Q046=\":443\"; ma=2592000,h3-Q043=\":443\"; ma=2592000,quic=\":443\"; ma=2592000; v=\"46,43\"","accept-ranges":"none","transfer-encoding":"chunked"}
[debug] [2021-05-30T17:28:19.934Z] >>> [apiv2][query] GET https://firebase.googleapis.com/v1beta1/projects/chilltechhome [none]
[debug] [2021-05-30T17:28:20.588Z] <<< [apiv2][status] GET https://firebase.googleapis.com/v1beta1/projects/chilltechhome 403
[debug] [2021-05-30T17:28:20.588Z] <<< [apiv2][body] GET https://firebase.googleapis.com/v1beta1/projects/chilltechhome {"error":{"code":403,"message":"The caller does not have permission","status":"PERMISSION_DENIED"}}
[debug] [2021-05-30T17:28:20.588Z] HTTP Error: 403, The caller does not have permission
[debug] [2021-05-30T17:28:20.719Z] FirebaseError: HTTP Error: 403, The caller does not have permission
    at module.exports (/Users/preveenraj/.nvm/versions/node/v15.0.1/lib/node_modules/firebase-tools/lib/responseToError.js:38:12)
    at Client.doRequest (/Users/preveenraj/.nvm/versions/node/v15.0.1/lib/node_modules/firebase-tools/lib/apiv2.js:238:23)
    at processTicksAndRejections (node:internal/process/task_queues:93:5)
    at async Client.request (/Users/preveenraj/.nvm/versions/node/v15.0.1/lib/node_modules/firebase-tools/lib/apiv2.js:96:20)
    at async Object.getFirebaseProject (/Users/preveenraj/.nvm/versions/node/v15.0.1/lib/node_modules/firebase-tools/lib/management/projects.js:290:21)
    at async Object.getDefaultHostingSite (/Users/preveenraj/.nvm/versions/node/v15.0.1/lib/node_modules/firebase-tools/lib/getDefaultHostingSite.js:8:21)
    at async requireHostingSite (/Users/preveenraj/.nvm/versions/node/v15.0.1/lib/node_modules/firebase-tools/lib/requireHostingSite.js:9:18)
    at async Object.fn (/Users/preveenraj/.nvm/versions/node/v15.0.1/lib/node_modules/firebase-tools/lib/commands/deploy.js:66:9)
    at async /Users/preveenraj/.nvm/versions/node/v15.0.1/lib/node_modules/firebase-tools/lib/command.js:169:17
[error] 
[error] Error: Failed to get Firebase project chilltechhome. Please make sure the project exists and your account has permission to access it.
